<?xml version="1.0" encoding="UTF-8"?>
<testsuite name="hello.GreetingControllerTests" tests="2" skipped="0" failures="0" errors="0" timestamp="2017-11-28T07:51:25" hostname="Allisons-MBP" time="0.133">
  <properties/>
  <testcase name="noParamGreetingShouldReturnDefaultMessage" classname="hello.GreetingControllerTests" time="0.126"/>
  <testcase name="paramGreetingShouldReturnTailoredMessage" classname="hello.GreetingControllerTests" time="0.006"/>
  <system-out><![CDATA[00:51:24.108 [Test worker] DEBUG org.springframework.test.context.junit4.SpringJUnit4ClassRunner - SpringJUnit4ClassRunner constructor called with [class hello.GreetingControllerTests]
00:51:24.111 [Test worker] DEBUG org.springframework.test.context.BootstrapUtils - Instantiating CacheAwareContextLoaderDelegate from class [org.springframework.test.context.cache.DefaultCacheAwareContextLoaderDelegate]
00:51:24.116 [Test worker] DEBUG org.springframework.test.context.BootstrapUtils - Instantiating BootstrapContext using constructor [public org.springframework.test.context.support.DefaultBootstrapContext(java.lang.Class,org.springframework.test.context.CacheAwareContextLoaderDelegate)]
00:51:24.130 [Test worker] DEBUG org.springframework.test.context.BootstrapUtils - Instantiating TestContextBootstrapper for test class [hello.GreetingControllerTests] from class [org.springframework.boot.test.context.SpringBootTestContextBootstrapper]
00:51:24.139 [Test worker] INFO org.springframework.boot.test.context.SpringBootTestContextBootstrapper - Neither @ContextConfiguration nor @ContextHierarchy found for test class [hello.GreetingControllerTests], using SpringBootContextLoader
00:51:24.141 [Test worker] DEBUG org.springframework.test.context.support.AbstractContextLoader - Did not detect default resource location for test class [hello.GreetingControllerTests]: class path resource [hello/GreetingControllerTests-context.xml] does not exist
00:51:24.141 [Test worker] DEBUG org.springframework.test.context.support.AbstractContextLoader - Did not detect default resource location for test class [hello.GreetingControllerTests]: class path resource [hello/GreetingControllerTestsContext.groovy] does not exist
00:51:24.142 [Test worker] INFO org.springframework.test.context.support.AbstractContextLoader - Could not detect default resource locations for test class [hello.GreetingControllerTests]: no resource found for suffixes {-context.xml, Context.groovy}.
00:51:24.142 [Test worker] INFO org.springframework.test.context.support.AnnotationConfigContextLoaderUtils - Could not detect default configuration classes for test class [hello.GreetingControllerTests]: GreetingControllerTests does not declare any static, non-private, non-final, nested classes annotated with @Configuration.
00:51:24.179 [Test worker] DEBUG org.springframework.test.context.support.ActiveProfilesUtils - Could not find an 'annotation declaring class' for annotation type [org.springframework.test.context.ActiveProfiles] and class [hello.GreetingControllerTests]
00:51:24.184 [Test worker] DEBUG org.springframework.core.env.StandardEnvironment - Adding PropertySource 'systemProperties' with lowest search precedence
00:51:24.185 [Test worker] DEBUG org.springframework.core.env.StandardEnvironment - Adding PropertySource 'systemEnvironment' with lowest search precedence
00:51:24.186 [Test worker] DEBUG org.springframework.core.env.StandardEnvironment - Initialized StandardEnvironment with PropertySources [MapPropertySource@773700274 {name='systemProperties', properties={java.runtime.name=Java(TM) SE Runtime Environment, sun.boot.library.path=/Library/Java/JavaVirtualMachines/jdk1.8.0_121.jdk/Contents/Home/jre/lib, java.vm.version=25.121-b13, gopherProxySet=false, java.vm.vendor=Oracle Corporation, java.vendor.url=http://java.oracle.com/, path.separator=:, java.vm.name=Java HotSpot(TM) 64-Bit Server VM, file.encoding.pkg=sun.io, sun.java.launcher=SUN_STANDARD, user.country=US, sun.os.patch.level=unknown, java.vm.specification.name=Java Virtual Machine Specification, user.dir=/Users/allisonwalke/Desktop/gs-rest-service/complete, java.runtime.version=1.8.0_121-b13, java.awt.graphicsenv=sun.awt.CGraphicsEnvironment, java.endorsed.dirs=/Library/Java/JavaVirtualMachines/jdk1.8.0_121.jdk/Contents/Home/jre/lib/endorsed, os.arch=x86_64, java.io.tmpdir=/var/folders/7t/244111f53wn4mzbp9s13zyw00000gn/T/, line.separator=
, java.vm.specification.vendor=Oracle Corporation, user.variant=, os.name=Mac OS X, sun.jnu.encoding=UTF-8, java.library.path=/Users/allisonwalke/Library/Java/Extensions:/Library/Java/Extensions:/Network/Library/Java/Extensions:/System/Library/Java/Extensions:/usr/lib/java:., java.specification.name=Java Platform API Specification, java.class.version=52.0, sun.management.compiler=HotSpot 64-Bit Tiered Compilers, os.version=10.12.6, http.nonProxyHosts=local|*.local|169.254/16|*.169.254/16, user.home=/Users/allisonwalke, user.timezone=America/Denver, java.awt.printerjob=sun.lwawt.macosx.CPrinterJob, file.encoding=UTF-8, java.specification.version=1.8, java.class.path=/Users/allisonwalke/Desktop/gs-rest-service/complete/build/classes/test:/Users/allisonwalke/Desktop/gs-rest-service/complete/build/resources/test:/Users/allisonwalke/Desktop/gs-rest-service/complete/build/classes/main:/Users/allisonwalke/Desktop/gs-rest-service/complete/build/resources/main:/Users/allisonwalke/.gradle/caches/modules-2/files-2.1/org.springframework.boot/spring-boot-starter-web/1.5.8.RELEASE/7e0dc79e3b47be4539ad3c033639133ae6b7a17e/spring-boot-starter-web-1.5.8.RELEASE.jar:/Users/allisonwalke/.gradle/caches/modules-2/files-2.1/org.springframework.boot/spring-boot-starter-test/1.5.8.RELEASE/20b767f594924b32950286f1236ab7d68ff861f9/spring-boot-starter-test-1.5.8.RELEASE.jar:/Users/allisonwalke/.gradle/caches/modules-2/files-2.1/com.jayway.jsonpath/json-path/2.2.0/22290d17944bd239fabf5ac69005a60a7ecbbbcb/json-path-2.2.0.jar:/Users/allisonwalke/.gradle/caches/modules-2/files-2.1/org.springframework.boot/spring-boot-starter/1.5.8.RELEASE/18048efe1f06569022a53cc3fb2fe9c0162935a3/spring-boot-starter-1.5.8.RELEASE.jar:/Users/allisonwalke/.gradle/caches/modules-2/files-2.1/org.springframework.boot/spring-boot-starter-tomcat/1.5.8.RELEASE/cf3b7eb7e192a60ab1dd09e4f8bce82710a5feb0/spring-boot-starter-tomcat-1.5.8.RELEASE.jar:/Users/allisonwalke/.gradle/caches/modules-2/files-2.1/org.hibernate/hibernate-validator/5.3.5.Final/622a9bcef2eed6d41b5b8e0662c36212009e375/hibernate-validator-5.3.5.Final.jar:/Users/allisonwalke/.gradle/caches/modules-2/files-2.1/com.fasterxml.jackson.core/jackson-databind/2.8.10/f7b83cb2bc4b88d53961e749e1ad32f49ef017b7/jackson-databind-2.8.10.jar:/Users/allisonwalke/.gradle/caches/modules-2/files-2.1/org.springframework/spring-web/4.3.12.RELEASE/86c29588cca74d0fc848b194cb13fcdfd12bc990/spring-web-4.3.12.RELEASE.jar:/Users/allisonwalke/.gradle/caches/modules-2/files-2.1/org.springframework/spring-webmvc/4.3.12.RELEASE/986e5dcd4435e780f6be64f8185eaa51523cf851/spring-webmvc-4.3.12.RELEASE.jar:/Users/allisonwalke/.gradle/caches/modules-2/files-2.1/org.springframework.boot/spring-boot-test/1.5.8.RELEASE/17dedee86d1a9e9bd409d715fd90650ca1049659/spring-boot-test-1.5.8.RELEASE.jar:/Users/allisonwalke/.gradle/caches/modules-2/files-2.1/org.springframework.boot/spring-boot-test-autoconfigure/1.5.8.RELEASE/a8f986cc4b6ecef1417fe50c20984f12f54d15cc/spring-boot-test-autoconfigure-1.5.8.RELEASE.jar:/Users/allisonwalke/.gradle/caches/modules-2/files-2.1/junit/junit/4.12/2973d150c0dc1fefe998f834810d68f278ea58ec/junit-4.12.jar:/Users/allisonwalke/.gradle/caches/modules-2/files-2.1/org.assertj/assertj-core/2.6.0/b532c3fc4f66bcfee4989a3514f1cd56203a33ad/assertj-core-2.6.0.jar:/Users/allisonwalke/.gradle/caches/modules-2/files-2.1/org.mockito/mockito-core/1.10.19/e8546f5bef4e061d8dd73895b4e8f40e3fe6effe/mockito-core-1.10.19.jar:/Users/allisonwalke/.gradle/caches/modules-2/files-2.1/org.hamcrest/hamcrest-core/1.3/42a25dc3219429f0e5d060061f71acb49bf010a0/hamcrest-core-1.3.jar:/Users/allisonwalke/.gradle/caches/modules-2/files-2.1/org.hamcrest/hamcrest-library/1.3/4785a3c21320980282f9f33d0d1264a69040538f/hamcrest-library-1.3.jar:/Users/allisonwalke/.gradle/caches/modules-2/files-2.1/org.skyscreamer/jsonassert/1.4.0/9cdbb373a06f6513e51e8c545ee6a5e981463edb/jsonassert-1.4.0.jar:/Users/allisonwalke/.gradle/caches/modules-2/files-2.1/org.springframework/spring-core/4.3.12.RELEASE/4cebc69478c6d350dbd5af28e3db7d5694f416e3/spring-core-4.3.12.RELEASE.jar:/Users/allisonwalke/.gradle/caches/modules-2/files-2.1/org.springframework/spring-test/4.3.12.RELEASE/825a7ac1014528db722a6cc94cceaef2410cb314/spring-test-4.3.12.RELEASE.jar:/Users/allisonwalke/.gradle/caches/modules-2/files-2.1/net.minidev/json-smart/2.2.1/5b9e5df7a62d1279b70dc882b041d249c4f0b002/json-smart-2.2.1.jar:/Users/allisonwalke/.gradle/caches/modules-2/files-2.1/org.slf4j/slf4j-api/1.7.25/da76ca59f6a57ee3102f8f9bd9cee742973efa8a/slf4j-api-1.7.25.jar:/Users/allisonwalke/.gradle/caches/modules-2/files-2.1/org.springframework.boot/spring-boot/1.5.8.RELEASE/748ebde51761e12627ad23d064024f342b18f9b4/spring-boot-1.5.8.RELEASE.jar:/Users/allisonwalke/.gradle/caches/modules-2/files-2.1/org.springframework.boot/spring-boot-autoconfigure/1.5.8.RELEASE/e4f2efa4c319f4e3613d94fbccfdb5ccda6873e3/spring-boot-autoconfigure-1.5.8.RELEASE.jar:/Users/allisonwalke/.gradle/caches/modules-2/files-2.1/org.springframework.boot/spring-boot-starter-logging/1.5.8.RELEASE/ebc00a0e46753d90431fdcc5e3d6b9fd3bf1564a/spring-boot-starter-logging-1.5.8.RELEASE.jar:/Users/allisonwalke/.gradle/caches/modules-2/files-2.1/org.yaml/snakeyaml/1.17/7a27ea250c5130b2922b86dea63cbb1cc10a660c/snakeyaml-1.17.jar:/Users/allisonwalke/.gradle/caches/modules-2/files-2.1/org.apache.tomcat.embed/tomcat-embed-core/8.5.23/79261793a47f507890ee08f749b9d81774e4f7f0/tomcat-embed-core-8.5.23.jar:/Users/allisonwalke/.gradle/caches/modules-2/files-2.1/org.apache.tomcat.embed/tomcat-embed-el/8.5.23/98d979cde444dffa6d434c8377d0123b2dfa614c/tomcat-embed-el-8.5.23.jar:/Users/allisonwalke/.gradle/caches/modules-2/files-2.1/org.apache.tomcat.embed/tomcat-embed-websocket/8.5.23/52f07abcae10dc7e1764304b0877def175c2c833/tomcat-embed-websocket-8.5.23.jar:/Users/allisonwalke/.gradle/caches/modules-2/files-2.1/javax.validation/validation-api/1.1.0.Final/8613ae82954779d518631e05daa73a6a954817d5/validation-api-1.1.0.Final.jar:/Users/allisonwalke/.gradle/caches/modules-2/files-2.1/org.jboss.logging/jboss-logging/3.3.1.Final/c46217ab74b532568c0ed31dc599db3048bd1b67/jboss-logging-3.3.1.Final.jar:/Users/allisonwalke/.gradle/caches/modules-2/files-2.1/com.fasterxml/classmate/1.3.4/3d5f48f10bbe4eb7bd862f10c0583be2e0053c6/classmate-1.3.4.jar:/Users/allisonwalke/.gradle/caches/modules-2/files-2.1/com.fasterxml.jackson.core/jackson-annotations/2.8.0/45b426f7796b741035581a176744d91090e2e6fb/jackson-annotations-2.8.0.jar:/Users/allisonwalke/.gradle/caches/modules-2/files-2.1/com.fasterxml.jackson.core/jackson-core/2.8.10/eb21a035c66ad307e66ec8fce37f5d50fd62d039/jackson-core-2.8.10.jar:/Users/allisonwalke/.gradle/caches/modules-2/files-2.1/org.springframework/spring-aop/4.3.12.RELEASE/b3fef085902993c2ef874c45c7bfd79296d5a5a4/spring-aop-4.3.12.RELEASE.jar:/Users/allisonwalke/.gradle/caches/modules-2/files-2.1/org.springframework/spring-beans/4.3.12.RELEASE/547dd432d47d0f01d9ccbedc4b705f9f7c1240a/spring-beans-4.3.12.RELEASE.jar:/Users/allisonwalke/.gradle/caches/modules-2/files-2.1/org.springframework/spring-context/4.3.12.RELEASE/5e6d26f36636f36b7efec1d6a0c5991284fbd95b/spring-context-4.3.12.RELEASE.jar:/Users/allisonwalke/.gradle/caches/modules-2/files-2.1/org.springframework/spring-expression/4.3.12.RELEASE/790f69f6ad7f9da8d4a92c603ad7244c398c8309/spring-expression-4.3.12.RELEASE.jar:/Users/allisonwalke/.gradle/caches/modules-2/files-2.1/org.objenesis/objenesis/2.1/87c0ea803b69252868d09308b4618f766f135a96/objenesis-2.1.jar:/Users/allisonwalke/.gradle/caches/modules-2/files-2.1/com.vaadin.external.google/android-json/0.0.20131108.vaadin1/fa26d351fe62a6a17f5cda1287c1c6110dec413f/android-json-0.0.20131108.vaadin1.jar:/Users/allisonwalke/.gradle/caches/modules-2/files-2.1/net.minidev/accessors-smart/1.1/a527213f2fea112a04c9bdf0ec0264e34104cd08/accessors-smart-1.1.jar:/Users/allisonwalke/.gradle/caches/modules-2/files-2.1/ch.qos.logback/logback-classic/1.1.11/ccedfbacef4a6515d2983e3f89ed753d5d4fb665/logback-classic-1.1.11.jar:/Users/allisonwalke/.gradle/caches/modules-2/files-2.1/org.slf4j/jcl-over-slf4j/1.7.25/f8c32b13ff142a513eeb5b6330b1588dcb2c0461/jcl-over-slf4j-1.7.25.jar:/Users/allisonwalke/.gradle/caches/modules-2/files-2.1/org.slf4j/jul-to-slf4j/1.7.25/af5364cd6679bfffb114f0dec8a157aaa283b76/jul-to-slf4j-1.7.25.jar:/Users/allisonwalke/.gradle/caches/modules-2/files-2.1/org.slf4j/log4j-over-slf4j/1.7.25/a87bb47468f47ee7aabbd54f93e133d4215769c3/log4j-over-slf4j-1.7.25.jar:/Users/allisonwalke/.gradle/caches/modules-2/files-2.1/org.apache.tomcat/tomcat-annotations-api/8.5.23/aaf17df9fe0240e9e9d5375d24d5f177174b73d9/tomcat-annotations-api-8.5.23.jar:/Users/allisonwalke/.gradle/caches/modules-2/files-2.1/org.ow2.asm/asm/5.0.3/dcc2193db20e19e1feca8b1240dbbc4e190824fa/asm-5.0.3.jar:/Users/allisonwalke/.gradle/caches/modules-2/files-2.1/ch.qos.logback/logback-core/1.1.11/88b8df40340eed549fb07e2613879bf6b006704d/logback-core-1.1.11.jar, user.name=allisonwalke, java.vm.specification.version=1.8, sun.java.command=jarjar.org.gradle.process.internal.launcher.GradleWorkerMain 'Gradle Test Executor 1', java.home=/Library/Java/JavaVirtualMachines/jdk1.8.0_121.jdk/Contents/Home/jre, sun.arch.data.model=64, user.language=en, java.specification.vendor=Oracle Corporation, awt.toolkit=sun.lwawt.macosx.LWCToolkit, java.vm.info=mixed mode, java.version=1.8.0_121, java.ext.dirs=/Users/allisonwalke/Library/Java/Extensions:/Library/Java/JavaVirtualMachines/jdk1.8.0_121.jdk/Contents/Home/jre/lib/ext:/Library/Java/Extensions:/Network/Library/Java/Extensions:/System/Library/Java/Extensions:/usr/lib/java, sun.boot.class.path=/Library/Java/JavaVirtualMachines/jdk1.8.0_121.jdk/Contents/Home/jre/lib/resources.jar:/Library/Java/JavaVirtualMachines/jdk1.8.0_121.jdk/Contents/Home/jre/lib/rt.jar:/Library/Java/JavaVirtualMachines/jdk1.8.0_121.jdk/Contents/Home/jre/lib/sunrsasign.jar:/Library/Java/JavaVirtualMachines/jdk1.8.0_121.jdk/Contents/Home/jre/lib/jsse.jar:/Library/Java/JavaVirtualMachines/jdk1.8.0_121.jdk/Contents/Home/jre/lib/jce.jar:/Library/Java/JavaVirtualMachines/jdk1.8.0_121.jdk/Contents/Home/jre/lib/charsets.jar:/Library/Java/JavaVirtualMachines/jdk1.8.0_121.jdk/Contents/Home/jre/lib/jfr.jar:/Library/Java/JavaVirtualMachines/jdk1.8.0_121.jdk/Contents/Home/jre/classes, java.vendor=Oracle Corporation, org.gradle.test.worker=1, file.separator=/, java.vendor.url.bug=http://bugreport.sun.com/bugreport/, sun.io.unicode.encoding=UnicodeBig, sun.cpu.endian=little, socksNonProxyHosts=local|*.local|169.254/16|*.169.254/16, ftp.nonProxyHosts=local|*.local|169.254/16|*.169.254/16, sun.cpu.isalist=}}, SystemEnvironmentPropertySource@1931827355 {name='systemEnvironment', properties={PATH=/usr/local/bin:/usr/bin:/bin:/usr/sbin:/sbin:/Library/Frameworks/Mono.framework/Versions/Current/Commands:/Applications/Racket v6.10/bin, JAVA_ARCH=x86_64, TERM=xterm-256color, LANG=en_US.UTF-8, JAVA_MAIN_CLASS_9040=jarjar.org.gradle.process.internal.launcher.GradleWorkerMain, APP_ICON_9032=/Users/allisonwalke/Desktop/gs-rest-service/complete/media/gradle.icns, LOGNAME=allisonwalke, TERM_PROGRAM_VERSION=388.1.1, PWD=/Users/allisonwalke/Desktop/gs-rest-service/complete, XPC_SERVICE_NAME=0, SHELL=/bin/bash, TERM_PROGRAM=Apple_Terminal, JAVA_MAIN_CLASS_9032=org.gradle.wrapper.GradleWrapperMain, OLDPWD=/Users/allisonwalke/Desktop/gs-rest-service/complete, USER=allisonwalke, TMPDIR=/var/folders/7t/244111f53wn4mzbp9s13zyw00000gn/T/, SSH_AUTH_SOCK=/private/tmp/com.apple.launchd.dskYSgMcQZ/Listeners, XPC_FLAGS=0x0, TERM_SESSION_ID=5EC8A5C0-7D72-4822-95CF-4D824D0FFFA0, APP_NAME_9032=Gradle, __CF_USER_TEXT_ENCODING=0x1F5:0x0:0x0, Apple_PubSub_Socket_Render=/private/tmp/com.apple.launchd.FCNWgsOhgo/Render, com.apple.java.jvmTask=CommandLine, SHLVL=1, HOME=/Users/allisonwalke}}]
00:51:24.194 [Test worker] DEBUG org.springframework.core.io.support.PathMatchingResourcePatternResolver - Resolved classpath location [hello/] to resources [URL [file:/Users/allisonwalke/Desktop/gs-rest-service/complete/build/classes/test/hello/], URL [file:/Users/allisonwalke/Desktop/gs-rest-service/complete/build/classes/main/hello/]]
00:51:24.194 [Test worker] DEBUG org.springframework.core.io.support.PathMatchingResourcePatternResolver - Looking for matching resources in directory tree [/Users/allisonwalke/Desktop/gs-rest-service/complete/build/classes/test/hello]
00:51:24.195 [Test worker] DEBUG org.springframework.core.io.support.PathMatchingResourcePatternResolver - Searching directory [/Users/allisonwalke/Desktop/gs-rest-service/complete/build/classes/test/hello] for files matching pattern [/Users/allisonwalke/Desktop/gs-rest-service/complete/build/classes/test/hello/*.class]
00:51:24.197 [Test worker] DEBUG org.springframework.core.io.support.PathMatchingResourcePatternResolver - Looking for matching resources in directory tree [/Users/allisonwalke/Desktop/gs-rest-service/complete/build/classes/main/hello]
00:51:24.197 [Test worker] DEBUG org.springframework.core.io.support.PathMatchingResourcePatternResolver - Searching directory [/Users/allisonwalke/Desktop/gs-rest-service/complete/build/classes/main/hello] for files matching pattern [/Users/allisonwalke/Desktop/gs-rest-service/complete/build/classes/main/hello/*.class]
00:51:24.197 [Test worker] DEBUG org.springframework.core.io.support.PathMatchingResourcePatternResolver - Resolved location pattern [classpath*:hello/*.class] to resources [file [/Users/allisonwalke/Desktop/gs-rest-service/complete/build/classes/test/hello/GreetingControllerTests.class], file [/Users/allisonwalke/Desktop/gs-rest-service/complete/build/classes/main/hello/Application.class], file [/Users/allisonwalke/Desktop/gs-rest-service/complete/build/classes/main/hello/Greeting.class], file [/Users/allisonwalke/Desktop/gs-rest-service/complete/build/classes/main/hello/GreetingController.class]]
00:51:24.227 [Test worker] DEBUG org.springframework.context.annotation.ClassPathScanningCandidateComponentProvider - Identified candidate component class: file [/Users/allisonwalke/Desktop/gs-rest-service/complete/build/classes/main/hello/Application.class]
00:51:24.233 [Test worker] INFO org.springframework.boot.test.context.SpringBootTestContextBootstrapper - Found @SpringBootConfiguration hello.Application for test class hello.GreetingControllerTests
00:51:24.236 [Test worker] DEBUG org.springframework.boot.test.context.SpringBootTestContextBootstrapper - @TestExecutionListeners is not present for class [hello.GreetingControllerTests]: using defaults.
00:51:24.238 [Test worker] INFO org.springframework.boot.test.context.SpringBootTestContextBootstrapper - Loaded default TestExecutionListener class names from location [META-INF/spring.factories]: [org.springframework.boot.test.mock.mockito.MockitoTestExecutionListener, org.springframework.boot.test.mock.mockito.ResetMocksTestExecutionListener, org.springframework.boot.test.autoconfigure.restdocs.RestDocsTestExecutionListener, org.springframework.boot.test.autoconfigure.web.client.MockRestServiceServerResetTestExecutionListener, org.springframework.boot.test.autoconfigure.web.servlet.MockMvcPrintOnlyOnFailureTestExecutionListener, org.springframework.boot.test.autoconfigure.web.servlet.WebDriverTestExecutionListener, org.springframework.test.context.web.ServletTestExecutionListener, org.springframework.test.context.support.DirtiesContextBeforeModesTestExecutionListener, org.springframework.test.context.support.DependencyInjectionTestExecutionListener, org.springframework.test.context.support.DirtiesContextTestExecutionListener, org.springframework.test.context.transaction.TransactionalTestExecutionListener, org.springframework.test.context.jdbc.SqlScriptsTestExecutionListener]
00:51:24.246 [Test worker] INFO org.springframework.boot.test.context.SpringBootTestContextBootstrapper - Could not instantiate TestExecutionListener [org.springframework.test.context.jdbc.SqlScriptsTestExecutionListener]. Specify custom listener classes or make the default listener classes (and their required dependencies) available. Offending class: [org/springframework/transaction/interceptor/TransactionAttribute]
00:51:24.247 [Test worker] INFO org.springframework.boot.test.context.SpringBootTestContextBootstrapper - Could not instantiate TestExecutionListener [org.springframework.test.context.transaction.TransactionalTestExecutionListener]. Specify custom listener classes or make the default listener classes (and their required dependencies) available. Offending class: [org/springframework/transaction/interceptor/TransactionAttributeSource]
00:51:24.248 [Test worker] INFO org.springframework.boot.test.context.SpringBootTestContextBootstrapper - Using TestExecutionListeners: [org.springframework.test.context.web.ServletTestExecutionListener@27c839cd, org.springframework.test.context.support.DirtiesContextBeforeModesTestExecutionListener@6628337, org.springframework.boot.test.autoconfigure.SpringBootDependencyInjectionTestExecutionListener@d3d83d8, org.springframework.test.context.support.DirtiesContextTestExecutionListener@49c6faca, org.springframework.boot.test.mock.mockito.MockitoTestExecutionListener@2fa6b46e, org.springframework.boot.test.autoconfigure.restdocs.RestDocsTestExecutionListener@3dcfe196, org.springframework.boot.test.autoconfigure.web.servlet.MockMvcPrintOnlyOnFailureTestExecutionListener@5c0d96b4, org.springframework.boot.test.mock.mockito.ResetMocksTestExecutionListener@22e32755, org.springframework.boot.test.autoconfigure.web.servlet.WebDriverTestExecutionListener@387cf2a3, org.springframework.boot.test.autoconfigure.web.client.MockRestServiceServerResetTestExecutionListener@7a7d676b]
00:51:24.250 [Test worker] DEBUG org.springframework.test.annotation.ProfileValueUtils - Retrieved @ProfileValueSourceConfiguration [null] for test class [hello.GreetingControllerTests]
00:51:24.250 [Test worker] DEBUG org.springframework.test.annotation.ProfileValueUtils - Retrieved ProfileValueSource type [class org.springframework.test.annotation.SystemProfileValueSource] for class [hello.GreetingControllerTests]
00:51:24.251 [Test worker] DEBUG org.springframework.test.annotation.ProfileValueUtils - Retrieved @ProfileValueSourceConfiguration [null] for test class [hello.GreetingControllerTests]
00:51:24.251 [Test worker] DEBUG org.springframework.test.annotation.ProfileValueUtils - Retrieved ProfileValueSource type [class org.springframework.test.annotation.SystemProfileValueSource] for class [hello.GreetingControllerTests]
00:51:24.254 [Test worker] DEBUG org.springframework.test.context.support.AbstractDirtiesContextTestExecutionListener - Before test class: context [DefaultTestContext@32c6d492 testClass = GreetingControllerTests, testInstance = [null], testMethod = [null], testException = [null], mergedContextConfiguration = [WebMergedContextConfiguration@4b6097da testClass = GreetingControllerTests, locations = '{}', classes = '{class hello.Application}', contextInitializerClasses = '[]', activeProfiles = '{}', propertySourceLocations = '{}', propertySourceProperties = '{org.springframework.boot.test.context.SpringBootTestContextBootstrapper=true}', contextCustomizers = set[[ImportsContextCustomizer@469128b5 key = [org.springframework.boot.test.autoconfigure.web.servlet.MockMvcAutoConfiguration, org.springframework.boot.test.autoconfigure.web.servlet.MockMvcSecurityAutoConfiguration, org.springframework.boot.test.autoconfigure.web.servlet.MockMvcWebClientAutoConfiguration, org.springframework.boot.test.autoconfigure.web.servlet.MockMvcWebDriverAutoConfiguration]], org.springframework.boot.test.context.SpringBootTestContextCustomizer@1211120, org.springframework.boot.test.context.filter.ExcludeFilterContextCustomizer@7d740d6f, org.springframework.boot.test.json.DuplicateJsonObjectContextCustomizerFactory$DuplicateJsonObjectContextCustomizer@139dd18a, org.springframework.boot.test.mock.mockito.MockitoContextCustomizer@0, org.springframework.boot.test.autoconfigure.properties.PropertyMappingContextCustomizer@e7e8512, org.springframework.boot.test.autoconfigure.web.servlet.WebDriverContextCustomizerFactory$Customizer@4f780ee7], resourceBasePath = 'src/main/webapp', contextLoader = 'org.springframework.boot.test.context.SpringBootContextLoader', parent = [null]]], class annotated with @DirtiesContext [false] with mode [null].
00:51:24.255 [Test worker] DEBUG org.springframework.test.annotation.ProfileValueUtils - Retrieved @ProfileValueSourceConfiguration [null] for test class [hello.GreetingControllerTests]
00:51:24.255 [Test worker] DEBUG org.springframework.test.annotation.ProfileValueUtils - Retrieved ProfileValueSource type [class org.springframework.test.annotation.SystemProfileValueSource] for class [hello.GreetingControllerTests]
00:51:24.296 [Test worker] DEBUG org.springframework.core.env.StandardEnvironment - Adding PropertySource 'systemProperties' with lowest search precedence
00:51:24.296 [Test worker] DEBUG org.springframework.core.env.StandardEnvironment - Adding PropertySource 'systemEnvironment' with lowest search precedence
00:51:24.296 [Test worker] DEBUG org.springframework.core.env.StandardEnvironment - Initialized StandardEnvironment with PropertySources [MapPropertySource@1648752167 {name='systemProperties', properties={java.runtime.name=Java(TM) SE Runtime Environment, sun.boot.library.path=/Library/Java/JavaVirtualMachines/jdk1.8.0_121.jdk/Contents/Home/jre/lib, java.vm.version=25.121-b13, gopherProxySet=false, java.vm.vendor=Oracle Corporation, java.vendor.url=http://java.oracle.com/, path.separator=:, java.vm.name=Java HotSpot(TM) 64-Bit Server VM, file.encoding.pkg=sun.io, sun.java.launcher=SUN_STANDARD, user.country=US, sun.os.patch.level=unknown, java.vm.specification.name=Java Virtual Machine Specification, user.dir=/Users/allisonwalke/Desktop/gs-rest-service/complete, java.runtime.version=1.8.0_121-b13, java.awt.graphicsenv=sun.awt.CGraphicsEnvironment, java.endorsed.dirs=/Library/Java/JavaVirtualMachines/jdk1.8.0_121.jdk/Contents/Home/jre/lib/endorsed, os.arch=x86_64, java.io.tmpdir=/var/folders/7t/244111f53wn4mzbp9s13zyw00000gn/T/, line.separator=
, java.vm.specification.vendor=Oracle Corporation, user.variant=, os.name=Mac OS X, sun.jnu.encoding=UTF-8, java.library.path=/Users/allisonwalke/Library/Java/Extensions:/Library/Java/Extensions:/Network/Library/Java/Extensions:/System/Library/Java/Extensions:/usr/lib/java:., java.specification.name=Java Platform API Specification, java.class.version=52.0, sun.management.compiler=HotSpot 64-Bit Tiered Compilers, os.version=10.12.6, http.nonProxyHosts=local|*.local|169.254/16|*.169.254/16, user.home=/Users/allisonwalke, user.timezone=America/Denver, java.awt.printerjob=sun.lwawt.macosx.CPrinterJob, file.encoding=UTF-8, java.specification.version=1.8, java.class.path=/Users/allisonwalke/Desktop/gs-rest-service/complete/build/classes/test:/Users/allisonwalke/Desktop/gs-rest-service/complete/build/resources/test:/Users/allisonwalke/Desktop/gs-rest-service/complete/build/classes/main:/Users/allisonwalke/Desktop/gs-rest-service/complete/build/resources/main:/Users/allisonwalke/.gradle/caches/modules-2/files-2.1/org.springframework.boot/spring-boot-starter-web/1.5.8.RELEASE/7e0dc79e3b47be4539ad3c033639133ae6b7a17e/spring-boot-starter-web-1.5.8.RELEASE.jar:/Users/allisonwalke/.gradle/caches/modules-2/files-2.1/org.springframework.boot/spring-boot-starter-test/1.5.8.RELEASE/20b767f594924b32950286f1236ab7d68ff861f9/spring-boot-starter-test-1.5.8.RELEASE.jar:/Users/allisonwalke/.gradle/caches/modules-2/files-2.1/com.jayway.jsonpath/json-path/2.2.0/22290d17944bd239fabf5ac69005a60a7ecbbbcb/json-path-2.2.0.jar:/Users/allisonwalke/.gradle/caches/modules-2/files-2.1/org.springframework.boot/spring-boot-starter/1.5.8.RELEASE/18048efe1f06569022a53cc3fb2fe9c0162935a3/spring-boot-starter-1.5.8.RELEASE.jar:/Users/allisonwalke/.gradle/caches/modules-2/files-2.1/org.springframework.boot/spring-boot-starter-tomcat/1.5.8.RELEASE/cf3b7eb7e192a60ab1dd09e4f8bce82710a5feb0/spring-boot-starter-tomcat-1.5.8.RELEASE.jar:/Users/allisonwalke/.gradle/caches/modules-2/files-2.1/org.hibernate/hibernate-validator/5.3.5.Final/622a9bcef2eed6d41b5b8e0662c36212009e375/hibernate-validator-5.3.5.Final.jar:/Users/allisonwalke/.gradle/caches/modules-2/files-2.1/com.fasterxml.jackson.core/jackson-databind/2.8.10/f7b83cb2bc4b88d53961e749e1ad32f49ef017b7/jackson-databind-2.8.10.jar:/Users/allisonwalke/.gradle/caches/modules-2/files-2.1/org.springframework/spring-web/4.3.12.RELEASE/86c29588cca74d0fc848b194cb13fcdfd12bc990/spring-web-4.3.12.RELEASE.jar:/Users/allisonwalke/.gradle/caches/modules-2/files-2.1/org.springframework/spring-webmvc/4.3.12.RELEASE/986e5dcd4435e780f6be64f8185eaa51523cf851/spring-webmvc-4.3.12.RELEASE.jar:/Users/allisonwalke/.gradle/caches/modules-2/files-2.1/org.springframework.boot/spring-boot-test/1.5.8.RELEASE/17dedee86d1a9e9bd409d715fd90650ca1049659/spring-boot-test-1.5.8.RELEASE.jar:/Users/allisonwalke/.gradle/caches/modules-2/files-2.1/org.springframework.boot/spring-boot-test-autoconfigure/1.5.8.RELEASE/a8f986cc4b6ecef1417fe50c20984f12f54d15cc/spring-boot-test-autoconfigure-1.5.8.RELEASE.jar:/Users/allisonwalke/.gradle/caches/modules-2/files-2.1/junit/junit/4.12/2973d150c0dc1fefe998f834810d68f278ea58ec/junit-4.12.jar:/Users/allisonwalke/.gradle/caches/modules-2/files-2.1/org.assertj/assertj-core/2.6.0/b532c3fc4f66bcfee4989a3514f1cd56203a33ad/assertj-core-2.6.0.jar:/Users/allisonwalke/.gradle/caches/modules-2/files-2.1/org.mockito/mockito-core/1.10.19/e8546f5bef4e061d8dd73895b4e8f40e3fe6effe/mockito-core-1.10.19.jar:/Users/allisonwalke/.gradle/caches/modules-2/files-2.1/org.hamcrest/hamcrest-core/1.3/42a25dc3219429f0e5d060061f71acb49bf010a0/hamcrest-core-1.3.jar:/Users/allisonwalke/.gradle/caches/modules-2/files-2.1/org.hamcrest/hamcrest-library/1.3/4785a3c21320980282f9f33d0d1264a69040538f/hamcrest-library-1.3.jar:/Users/allisonwalke/.gradle/caches/modules-2/files-2.1/org.skyscreamer/jsonassert/1.4.0/9cdbb373a06f6513e51e8c545ee6a5e981463edb/jsonassert-1.4.0.jar:/Users/allisonwalke/.gradle/caches/modules-2/files-2.1/org.springframework/spring-core/4.3.12.RELEASE/4cebc69478c6d350dbd5af28e3db7d5694f416e3/spring-core-4.3.12.RELEASE.jar:/Users/allisonwalke/.gradle/caches/modules-2/files-2.1/org.springframework/spring-test/4.3.12.RELEASE/825a7ac1014528db722a6cc94cceaef2410cb314/spring-test-4.3.12.RELEASE.jar:/Users/allisonwalke/.gradle/caches/modules-2/files-2.1/net.minidev/json-smart/2.2.1/5b9e5df7a62d1279b70dc882b041d249c4f0b002/json-smart-2.2.1.jar:/Users/allisonwalke/.gradle/caches/modules-2/files-2.1/org.slf4j/slf4j-api/1.7.25/da76ca59f6a57ee3102f8f9bd9cee742973efa8a/slf4j-api-1.7.25.jar:/Users/allisonwalke/.gradle/caches/modules-2/files-2.1/org.springframework.boot/spring-boot/1.5.8.RELEASE/748ebde51761e12627ad23d064024f342b18f9b4/spring-boot-1.5.8.RELEASE.jar:/Users/allisonwalke/.gradle/caches/modules-2/files-2.1/org.springframework.boot/spring-boot-autoconfigure/1.5.8.RELEASE/e4f2efa4c319f4e3613d94fbccfdb5ccda6873e3/spring-boot-autoconfigure-1.5.8.RELEASE.jar:/Users/allisonwalke/.gradle/caches/modules-2/files-2.1/org.springframework.boot/spring-boot-starter-logging/1.5.8.RELEASE/ebc00a0e46753d90431fdcc5e3d6b9fd3bf1564a/spring-boot-starter-logging-1.5.8.RELEASE.jar:/Users/allisonwalke/.gradle/caches/modules-2/files-2.1/org.yaml/snakeyaml/1.17/7a27ea250c5130b2922b86dea63cbb1cc10a660c/snakeyaml-1.17.jar:/Users/allisonwalke/.gradle/caches/modules-2/files-2.1/org.apache.tomcat.embed/tomcat-embed-core/8.5.23/79261793a47f507890ee08f749b9d81774e4f7f0/tomcat-embed-core-8.5.23.jar:/Users/allisonwalke/.gradle/caches/modules-2/files-2.1/org.apache.tomcat.embed/tomcat-embed-el/8.5.23/98d979cde444dffa6d434c8377d0123b2dfa614c/tomcat-embed-el-8.5.23.jar:/Users/allisonwalke/.gradle/caches/modules-2/files-2.1/org.apache.tomcat.embed/tomcat-embed-websocket/8.5.23/52f07abcae10dc7e1764304b0877def175c2c833/tomcat-embed-websocket-8.5.23.jar:/Users/allisonwalke/.gradle/caches/modules-2/files-2.1/javax.validation/validation-api/1.1.0.Final/8613ae82954779d518631e05daa73a6a954817d5/validation-api-1.1.0.Final.jar:/Users/allisonwalke/.gradle/caches/modules-2/files-2.1/org.jboss.logging/jboss-logging/3.3.1.Final/c46217ab74b532568c0ed31dc599db3048bd1b67/jboss-logging-3.3.1.Final.jar:/Users/allisonwalke/.gradle/caches/modules-2/files-2.1/com.fasterxml/classmate/1.3.4/3d5f48f10bbe4eb7bd862f10c0583be2e0053c6/classmate-1.3.4.jar:/Users/allisonwalke/.gradle/caches/modules-2/files-2.1/com.fasterxml.jackson.core/jackson-annotations/2.8.0/45b426f7796b741035581a176744d91090e2e6fb/jackson-annotations-2.8.0.jar:/Users/allisonwalke/.gradle/caches/modules-2/files-2.1/com.fasterxml.jackson.core/jackson-core/2.8.10/eb21a035c66ad307e66ec8fce37f5d50fd62d039/jackson-core-2.8.10.jar:/Users/allisonwalke/.gradle/caches/modules-2/files-2.1/org.springframework/spring-aop/4.3.12.RELEASE/b3fef085902993c2ef874c45c7bfd79296d5a5a4/spring-aop-4.3.12.RELEASE.jar:/Users/allisonwalke/.gradle/caches/modules-2/files-2.1/org.springframework/spring-beans/4.3.12.RELEASE/547dd432d47d0f01d9ccbedc4b705f9f7c1240a/spring-beans-4.3.12.RELEASE.jar:/Users/allisonwalke/.gradle/caches/modules-2/files-2.1/org.springframework/spring-context/4.3.12.RELEASE/5e6d26f36636f36b7efec1d6a0c5991284fbd95b/spring-context-4.3.12.RELEASE.jar:/Users/allisonwalke/.gradle/caches/modules-2/files-2.1/org.springframework/spring-expression/4.3.12.RELEASE/790f69f6ad7f9da8d4a92c603ad7244c398c8309/spring-expression-4.3.12.RELEASE.jar:/Users/allisonwalke/.gradle/caches/modules-2/files-2.1/org.objenesis/objenesis/2.1/87c0ea803b69252868d09308b4618f766f135a96/objenesis-2.1.jar:/Users/allisonwalke/.gradle/caches/modules-2/files-2.1/com.vaadin.external.google/android-json/0.0.20131108.vaadin1/fa26d351fe62a6a17f5cda1287c1c6110dec413f/android-json-0.0.20131108.vaadin1.jar:/Users/allisonwalke/.gradle/caches/modules-2/files-2.1/net.minidev/accessors-smart/1.1/a527213f2fea112a04c9bdf0ec0264e34104cd08/accessors-smart-1.1.jar:/Users/allisonwalke/.gradle/caches/modules-2/files-2.1/ch.qos.logback/logback-classic/1.1.11/ccedfbacef4a6515d2983e3f89ed753d5d4fb665/logback-classic-1.1.11.jar:/Users/allisonwalke/.gradle/caches/modules-2/files-2.1/org.slf4j/jcl-over-slf4j/1.7.25/f8c32b13ff142a513eeb5b6330b1588dcb2c0461/jcl-over-slf4j-1.7.25.jar:/Users/allisonwalke/.gradle/caches/modules-2/files-2.1/org.slf4j/jul-to-slf4j/1.7.25/af5364cd6679bfffb114f0dec8a157aaa283b76/jul-to-slf4j-1.7.25.jar:/Users/allisonwalke/.gradle/caches/modules-2/files-2.1/org.slf4j/log4j-over-slf4j/1.7.25/a87bb47468f47ee7aabbd54f93e133d4215769c3/log4j-over-slf4j-1.7.25.jar:/Users/allisonwalke/.gradle/caches/modules-2/files-2.1/org.apache.tomcat/tomcat-annotations-api/8.5.23/aaf17df9fe0240e9e9d5375d24d5f177174b73d9/tomcat-annotations-api-8.5.23.jar:/Users/allisonwalke/.gradle/caches/modules-2/files-2.1/org.ow2.asm/asm/5.0.3/dcc2193db20e19e1feca8b1240dbbc4e190824fa/asm-5.0.3.jar:/Users/allisonwalke/.gradle/caches/modules-2/files-2.1/ch.qos.logback/logback-core/1.1.11/88b8df40340eed549fb07e2613879bf6b006704d/logback-core-1.1.11.jar, user.name=allisonwalke, java.vm.specification.version=1.8, sun.java.command=jarjar.org.gradle.process.internal.launcher.GradleWorkerMain 'Gradle Test Executor 1', java.home=/Library/Java/JavaVirtualMachines/jdk1.8.0_121.jdk/Contents/Home/jre, sun.arch.data.model=64, user.language=en, java.specification.vendor=Oracle Corporation, awt.toolkit=sun.lwawt.macosx.LWCToolkit, java.vm.info=mixed mode, java.version=1.8.0_121, java.ext.dirs=/Users/allisonwalke/Library/Java/Extensions:/Library/Java/JavaVirtualMachines/jdk1.8.0_121.jdk/Contents/Home/jre/lib/ext:/Library/Java/Extensions:/Network/Library/Java/Extensions:/System/Library/Java/Extensions:/usr/lib/java, sun.boot.class.path=/Library/Java/JavaVirtualMachines/jdk1.8.0_121.jdk/Contents/Home/jre/lib/resources.jar:/Library/Java/JavaVirtualMachines/jdk1.8.0_121.jdk/Contents/Home/jre/lib/rt.jar:/Library/Java/JavaVirtualMachines/jdk1.8.0_121.jdk/Contents/Home/jre/lib/sunrsasign.jar:/Library/Java/JavaVirtualMachines/jdk1.8.0_121.jdk/Contents/Home/jre/lib/jsse.jar:/Library/Java/JavaVirtualMachines/jdk1.8.0_121.jdk/Contents/Home/jre/lib/jce.jar:/Library/Java/JavaVirtualMachines/jdk1.8.0_121.jdk/Contents/Home/jre/lib/charsets.jar:/Library/Java/JavaVirtualMachines/jdk1.8.0_121.jdk/Contents/Home/jre/lib/jfr.jar:/Library/Java/JavaVirtualMachines/jdk1.8.0_121.jdk/Contents/Home/jre/classes, java.vendor=Oracle Corporation, org.gradle.test.worker=1, file.separator=/, java.vendor.url.bug=http://bugreport.sun.com/bugreport/, sun.io.unicode.encoding=UnicodeBig, sun.cpu.endian=little, socksNonProxyHosts=local|*.local|169.254/16|*.169.254/16, ftp.nonProxyHosts=local|*.local|169.254/16|*.169.254/16, sun.cpu.isalist=}}, SystemEnvironmentPropertySource@571066039 {name='systemEnvironment', properties={PATH=/usr/local/bin:/usr/bin:/bin:/usr/sbin:/sbin:/Library/Frameworks/Mono.framework/Versions/Current/Commands:/Applications/Racket v6.10/bin, JAVA_ARCH=x86_64, TERM=xterm-256color, LANG=en_US.UTF-8, JAVA_MAIN_CLASS_9040=jarjar.org.gradle.process.internal.launcher.GradleWorkerMain, APP_ICON_9032=/Users/allisonwalke/Desktop/gs-rest-service/complete/media/gradle.icns, LOGNAME=allisonwalke, TERM_PROGRAM_VERSION=388.1.1, PWD=/Users/allisonwalke/Desktop/gs-rest-service/complete, XPC_SERVICE_NAME=0, SHELL=/bin/bash, TERM_PROGRAM=Apple_Terminal, JAVA_MAIN_CLASS_9032=org.gradle.wrapper.GradleWrapperMain, OLDPWD=/Users/allisonwalke/Desktop/gs-rest-service/complete, USER=allisonwalke, TMPDIR=/var/folders/7t/244111f53wn4mzbp9s13zyw00000gn/T/, SSH_AUTH_SOCK=/private/tmp/com.apple.launchd.dskYSgMcQZ/Listeners, XPC_FLAGS=0x0, TERM_SESSION_ID=5EC8A5C0-7D72-4822-95CF-4D824D0FFFA0, APP_NAME_9032=Gradle, __CF_USER_TEXT_ENCODING=0x1F5:0x0:0x0, Apple_PubSub_Socket_Render=/private/tmp/com.apple.launchd.FCNWgsOhgo/Render, com.apple.java.jvmTask=CommandLine, SHLVL=1, HOME=/Users/allisonwalke}}]
00:51:24.299 [Test worker] DEBUG org.springframework.core.env.MutablePropertySources - Adding PropertySource 'inline' with highest search precedence
00:51:24.304 [Test worker] DEBUG org.springframework.test.context.support.TestPropertySourceUtils - Adding inlined properties to environment: {spring.jmx.enabled=false, org.springframework.boot.test.context.SpringBootTestContextBootstrapper=true, server.port=-1}
00:51:24.304 [Test worker] DEBUG org.springframework.core.env.StandardEnvironment - Adding PropertySource 'Inlined Test Properties' with highest search precedence

  .   ____          _            __ _ _
 /\\ / ___'_ __ _ _(_)_ __  __ _ \ \ \ \
( ( )\___ | '_ | '_| | '_ \/ _` | \ \ \ \
 \\/  ___)| |_)| | | | | || (_| |  ) ) ) )
  '  |____| .__|_| |_|_| |_\__, | / / / /
 =========|_|==============|___/=/_/_/_/
 :: Spring Boot ::        (v1.5.8.RELEASE)

2017-11-28 00:51:24.510  INFO 9040 --- [    Test worker] hello.GreetingControllerTests            : Starting GreetingControllerTests on Allisons-MBP with PID 9040 (started by allisonwalke in /Users/allisonwalke/Desktop/gs-rest-service/complete)
2017-11-28 00:51:24.511  INFO 9040 --- [    Test worker] hello.GreetingControllerTests            : No active profile set, falling back to default profiles: default
2017-11-28 00:51:24.528  INFO 9040 --- [    Test worker] o.s.w.c.s.GenericWebApplicationContext   : Refreshing org.springframework.web.context.support.GenericWebApplicationContext@5dc5a12: startup date [Tue Nov 28 00:51:24 MST 2017]; root of context hierarchy
2017-11-28 00:51:25.343  INFO 9040 --- [    Test worker] o.s.b.t.m.w.SpringBootMockServletContext : Initializing Spring FrameworkServlet ''
2017-11-28 00:51:25.343  INFO 9040 --- [    Test worker] o.s.t.web.servlet.TestDispatcherServlet  : FrameworkServlet '': initialization started
2017-11-28 00:51:25.448  INFO 9040 --- [    Test worker] s.w.s.m.m.a.RequestMappingHandlerMapping : Mapped "{[/greeting]}" onto public hello.Greeting hello.GreetingController.greeting(java.lang.String)
2017-11-28 00:51:25.449  INFO 9040 --- [    Test worker] s.w.s.m.m.a.RequestMappingHandlerMapping : Mapped "{[/netflix]}" onto public java.util.List<java.lang.String> hello.GreetingController.netflix(java.lang.String) throws java.io.IOException
2017-11-28 00:51:25.454  INFO 9040 --- [    Test worker] s.w.s.m.m.a.RequestMappingHandlerMapping : Mapped "{[/error]}" onto public org.springframework.http.ResponseEntity<java.util.Map<java.lang.String, java.lang.Object>> org.springframework.boot.autoconfigure.web.BasicErrorController.error(javax.servlet.http.HttpServletRequest)
2017-11-28 00:51:25.454  INFO 9040 --- [    Test worker] s.w.s.m.m.a.RequestMappingHandlerMapping : Mapped "{[/error],produces=[text/html]}" onto public org.springframework.web.servlet.ModelAndView org.springframework.boot.autoconfigure.web.BasicErrorController.errorHtml(javax.servlet.http.HttpServletRequest,javax.servlet.http.HttpServletResponse)
2017-11-28 00:51:25.488  INFO 9040 --- [    Test worker] o.s.w.s.handler.SimpleUrlHandlerMapping  : Mapped URL path [/webjars/**] onto handler of type [class org.springframework.web.servlet.resource.ResourceHttpRequestHandler]
2017-11-28 00:51:25.489  INFO 9040 --- [    Test worker] o.s.w.s.handler.SimpleUrlHandlerMapping  : Mapped URL path [/**] onto handler of type [class org.springframework.web.servlet.resource.ResourceHttpRequestHandler]
2017-11-28 00:51:25.504  INFO 9040 --- [    Test worker] o.s.w.s.handler.SimpleUrlHandlerMapping  : Mapped URL path [/**/favicon.ico] onto handler of type [class org.springframework.web.servlet.resource.ResourceHttpRequestHandler]
2017-11-28 00:51:25.673  INFO 9040 --- [    Test worker] s.w.s.m.m.a.RequestMappingHandlerAdapter : Looking for @ControllerAdvice: org.springframework.web.context.support.GenericWebApplicationContext@5dc5a12: startup date [Tue Nov 28 00:51:24 MST 2017]; root of context hierarchy
2017-11-28 00:51:25.773  INFO 9040 --- [    Test worker] o.s.t.web.servlet.TestDispatcherServlet  : FrameworkServlet '': initialization completed in 430 ms
2017-11-28 00:51:25.904  INFO 9040 --- [    Test worker] hello.GreetingControllerTests            : Started GreetingControllerTests in 1.593 seconds (JVM running for 2.266)

MockHttpServletRequest:
      HTTP Method = GET
      Request URI = /greeting
       Parameters = {}
          Headers = {}

Handler:
             Type = hello.GreetingController
           Method = public hello.Greeting hello.GreetingController.greeting(java.lang.String)

Async:
    Async started = false
     Async result = null

Resolved Exception:
             Type = null

ModelAndView:
        View name = null
             View = null
            Model = null

FlashMap:
       Attributes = null

MockHttpServletResponse:
           Status = 200
    Error message = null
          Headers = {Content-Type=[application/json;charset=UTF-8]}
     Content type = application/json;charset=UTF-8
             Body = {"id":1,"content":"Hello, World!"}
    Forwarded URL = null
   Redirected URL = null
          Cookies = []

MockHttpServletRequest:
      HTTP Method = GET
      Request URI = /greeting
       Parameters = {name=[Spring Community]}
          Headers = {}

Handler:
             Type = hello.GreetingController
           Method = public hello.Greeting hello.GreetingController.greeting(java.lang.String)

Async:
    Async started = false
     Async result = null

Resolved Exception:
             Type = null

ModelAndView:
        View name = null
             View = null
            Model = null

FlashMap:
       Attributes = null

MockHttpServletResponse:
           Status = 200
    Error message = null
          Headers = {Content-Type=[application/json;charset=UTF-8]}
     Content type = application/json;charset=UTF-8
             Body = {"id":2,"content":"Hello, Spring Community!"}
    Forwarded URL = null
   Redirected URL = null
          Cookies = []
]]></system-out>
  <system-err><![CDATA[]]></system-err>
</testsuite>
